QuestaSim qverilog 10.1d Compiler 2012.11 Nov  1 2012
C:\questasim_10.1d\win32\qverilog.exe ../top/top_module.sv +incdir+../agent +incdir+../env +incdir+../test +incdir+../rtl -y ../rtl 
** Note: (qverilog-2286) Using implicit +incdir+C:/questasim_10.1d/uvm-1.1c/../verilog_src/uvm-1.1c/src from import uvm_pkg
-- Compiling interface intf
-- Compiling package top_module_sv_unit
-- Importing package mtiUvm.uvm_pkg (uvm-1.1c Built-in)
-- Importing package test_pkg
-- Importing package env_pkg
-- Importing package agent_pkg
-- Compiling package agent_pkg
-- Compiling package env_pkg
-- Compiling package test_pkg
-- Compiling module adder
-- Compiling module buffer
-- Compiling module vedic2x2
-- Compiling module vedic4x4
-- Compiling module vedic8x8
-- Compiling module vedic16x16
-- Compiling module vedic32x32
-- Compiling module pe
-- Compiling module systolic_2x2
-- Compiling interface intf
-- Compiling module top_module

Top level modules:
	top_module
+ C:\questasim_10.1d\win32/vsim -lib work top_module -c -do "run -all; quit -f" -appendlog -l qverilog.log -vopt
# vsim -appendlog -do {run -all; quit -f} -l qverilog.log -lib work -c -vopt top_module 
# ** Note: (vsim-3813) Design is being optimized due to module recompilation...
# 
# //  Questa Sim
# //  Version 10.1d win32 Nov  1 2012
# //
# //  Copyright 1991-2012 Mentor Graphics Corporation
# //  All Rights Reserved.
# //
# //  THIS WORK CONTAINS TRADE SECRET AND PROPRIETARY INFORMATION
# //  WHICH IS THE PROPERTY OF MENTOR GRAPHICS CORPORATION OR ITS
# //  LICENSORS AND IS SUBJECT TO LICENSE TERMS.
# //
# Loading sv_std.std
# Loading mtiUvm.uvm_pkg(fast)
# Loading work.agent_pkg(fast)
# Loading work.env_pkg(fast)
# Loading work.test_pkg(fast)
# Loading work.top_module_sv_unit(fast)
# Loading work.top_module(fast)
# Loading work.pe(fast)
# Loading work.vedic8x8(fast)
# Loading mtiUvm.questa_uvm_pkg(fast)
# Loading C:/questasim_10.1d/uvm-1.1c\win32\uvm_dpi.dll
# run -all 
# ----------------------------------------------------------------
# UVM-1.1c
# (C) 2007-2012 Mentor Graphics Corporation
# (C) 2007-2012 Cadence Design Systems, Inc.
# (C) 2006-2012 Synopsys, Inc.
# (C) 2011-2012 Cypress Semiconductor Corp.
# ----------------------------------------------------------------
# 
#   ***********       IMPORTANT RELEASE NOTES         ************
# 
#   You are using a version of the UVM library that has been compiled
#   with `UVM_NO_DEPRECATED undefined.
#   See http://www.eda.org/svdb/view.php?id=3313 for more details.
# 
#   You are using a version of the UVM library that has been compiled
#   with `UVM_OBJECT_MUST_HAVE_CONSTRUCTOR undefined.
#   See http://www.eda.org/svdb/view.php?id=3770 for more details.
# 
#       (Specify +UVM_NO_RELNOTES to turn off this notice)
# 
# UVM_INFO verilog_src/questa_uvm_pkg-1.2/src/questa_uvm_pkg.sv(215) @ 0: reporter [Questa UVM] QUESTA_UVM-1.2
# UVM_INFO verilog_src/questa_uvm_pkg-1.2/src/questa_uvm_pkg.sv(217) @ 0: reporter [Questa UVM]  questa_uvm::init(+struct)
# UVM_INFO @ 0: reporter [RNTST] Running test integrated_test...
# UVM_INFO ../env/env.sv(25) @ 0: uvm_test_top.env_h [env] Build phase of ENVIRONMENT
# UVM_INFO ../agent/agent.sv(28) @ 0: uvm_test_top.env_h.agent_h [agent] Build phase of AGENT
# UVM_INFO ../agent/agent.sv(34) @ 0: uvm_test_top.env_h.agent_h [] GET IS SUCESSFULL IN AGENT OF CONFIG
# UVM_INFO ../agent/driver.sv(23) @ 0: uvm_test_top.env_h.agent_h.drv_h [driver] Build phase of DRIVER
# UVM_INFO ../agent/driver.sv(25) @ 0: uvm_test_top.env_h.agent_h.drv_h [driver] RECEIVED in DRIVER
# UVM_INFO ../agent/monitor.sv(32) @ 0: uvm_test_top.env_h.agent_h.mon_h [monitor] Build phase of MONITOR
# UVM_INFO ../agent/monitor.sv(34) @ 0: uvm_test_top.env_h.agent_h.mon_h [monitor] RECEIVED in MONITOR
# UVM_INFO ../env/scoreboard.sv(33) @ 0: uvm_test_top.env_h.sb_h [scoreboard] Build phase of scoreboard
# UVM_INFO ../agent/agent.sv(46) @ 0: uvm_test_top.env_h.agent_h [] CONNECTION drv to seq SUCCESSFULL
# UVM_INFO @ 0: reporter [UVMTOP] UVM testbench topology:
# --------------------------------------------------------------
# Name                       Type                    Size  Value
# --------------------------------------------------------------
# uvm_test_top               integrated_test         -     @516 
#   env_h                    env                     -     @524 
#     agent_h                agent                   -     @532 
#       drv_h                driver                  -     @821 
#         rsp_port           uvm_analysis_port       -     @838 
#         seq_item_port      uvm_seq_item_pull_port  -     @829 
#       mon_h                monitor                 -     @847 
#         mon_put_port       uvm_analysis_port       -     @855 
#       seq_h                sequencer               -     @698 
#         rsp_export         uvm_analysis_export     -     @706 
#         seq_item_export    uvm_seq_item_pull_imp   -     @812 
#         arbitration_queue  array                   0     -    
#         lock_queue         array                   0     -    
#         num_last_reqs      integral                32    'd1  
#         num_last_rsps      integral                32    'd1  
#     sb_h                   scoreboard              -     @540 
#       score_imp_driver     uvm_analysis_imp_B      -     @557 
#       score_imp_mon        uvm_analysis_imp_A      -     @548 
#     v_seqr_h               virtual_sequencer       -     @570 
#       rsp_export           uvm_analysis_export     -     @578 
#       seq_item_export      uvm_seq_item_pull_imp   -     @684 
#       arbitration_queue    array                   0     -    
#       lock_queue           array                   0     -    
#       num_last_reqs        integral                32    'd1  
#       num_last_rsps        integral                32    'd1  
# --------------------------------------------------------------
# 
# UVM_INFO ../agent/seq_item.sv(115) @ 0: reporter@@seq_item [seq_item] SEQUENCE_ITEM_CALLED
# UVM_INFO ../agent/seq_item.sv(115) @ 0: reporter@@seq_item [seq_item] SEQUENCE_ITEM_CALLED
# UVM_INFO ../agent/sequence.sv(24) @ 1000: uvm_test_top.env_h.agent_h.seq_h@@add_seq_h [] RANDOMIZEDDDDD
# UVM_INFO ../agent/driver.sv(39) @ 1000: uvm_test_top.env_h.agent_h.drv_h [driver] DATA PRINTING FROM DRIVER
# UVM_INFO ../env/scoreboard.sv(86) @ 5000: uvm_test_top.env_h.sb_h [scoreboard] Data received from Driver
# UVM_INFO ../agent/driver.sv(91) @ 5000: uvm_test_top.env_h.agent_h.drv_h [driver] PRINTING VALUES FROM DRIVER
# -------------------------------------------------------------------------------------------------------
# Name                           Type                    Size  Value                                     
# -------------------------------------------------------------------------------------------------------
# itm_h                          seq_item                -     @895                                      
#   a11                          integral                32    'h21f5ec6c                                
#   a12                          integral                32    'h86cbf58c                                
#   a21                          integral                32    'h1956a79e                                
#   a22                          integral                32    'hc50c7b5c                                
#   b11                          integral                32    'h3733d5b4                                
#   b12                          integral                32    'he80ffee3                                
#   b21                          integral                32    'hbd91eaa4                                
#   b22                          integral                32    'hf0500868                                
#   arr1                         sa(integral)            4     -                                         
#     [0]                        integral                32    'h86cbf58c                                
#     [1]                        integral                32    'h21f5ec6c                                
#     [2]                        integral                32    'h0                                       
#     [3]                        integral                32    'h0                                       
#   arr2                         sa(integral)            4     -                                         
#     [0]                        integral                32    'h0                                       
#     [1]                        integral                32    'hc50c7b5c                                
#     [2]                        integral                32    'h1956a79e                                
#     [3]                        integral                32    'h0                                       
#   arr3                         sa(integral)            4     -                                         
#     [0]                        integral                32    'hbd91eaa4                                
#     [1]                        integral                32    'h21f5ec6c                                
#     [2]                        integral                32    'h0                                       
#     [3]                        integral                32    'h0                                       
#   arr4                         sa(integral)            4     -                                         
#     [0]                        integral                32    'h0                                       
#     [1]                        integral                32    'hf0500868                                
#     [2]                        integral                32    'he80ffee3                                
#     [3]                        integral                32    'h0                                       
#   load_in                      integral                1     'h1                                       
#   row_in_row0                  integral                32    'h86cbf58c                                
#   row_in_row1                  integral                32    'h0                                       
#   col_in_col0                  integral                32    'hbd91eaa4                                
#   col_in_col1                  integral                32    'h0                                       
#   result_row00                 integral                64    'h0xxxxxxxxxxxxxxxx                       
#   result_row01                 integral                64    'h0xxxxxxxxxxxxxxxx                       
#   result_row10                 integral                64    'h0xxxxxxxxxxxxxxxx                       
#   result_row11                 integral                64    'h0xxxxxxxxxxxxxxxx                       
#   carry_00                     integral                1     'h0X                                      
#   carry_01                     integral                1     'h0X                                      
#   carry_10                     integral                1     'h0X                                      
#   carry_11                     integral                1     'h0X                                      
#   done                         integral                1     'h0X                                      
#   begin_time                   time                    64    1000                                      
#   depth                        int                     32    'd2                                       
#   parent sequence (name)       string                  9     add_seq_h                                 
#   parent sequence (full name)  string                  42    uvm_test_top.env_h.agent_h.seq_h.add_seq_h
#   sequencer                    string                  32    uvm_test_top.env_h.agent_h.seq_h          
# -------------------------------------------------------------------------------------------------------
# UVM_INFO ../agent/monitor.sv(81) @ 5000: uvm_test_top.env_h.agent_h.mon_h [monitor] done is not here
# UVM_INFO ../agent/seq_item.sv(115) @ 5000: reporter@@seq_item [seq_item] SEQUENCE_ITEM_CALLED
# UVM_INFO ../agent/monitor.sv(81) @ 15000: uvm_test_top.env_h.agent_h.mon_h [monitor] done is not here
# UVM_INFO ../agent/monitor.sv(48) @ 15000: uvm_test_top.env_h.agent_h.mon_h [monitor] Reset is driving one!
# UVM_INFO ../env/scoreboard.sv(86) @ 15000: uvm_test_top.env_h.sb_h [scoreboard] Data received from Driver
# UVM_INFO ../agent/driver.sv(91) @ 15000: uvm_test_top.env_h.agent_h.drv_h [driver] PRINTING VALUES FROM DRIVER
# -------------------------------------------------------------------------------------------------------
# Name                           Type                    Size  Value                                     
# -------------------------------------------------------------------------------------------------------
# itm_h                          seq_item                -     @895                                      
#   a11                          integral                32    'h21f5ec6c                                
#   a12                          integral                32    'h86cbf58c                                
#   a21                          integral                32    'h1956a79e                                
#   a22                          integral                32    'hc50c7b5c                                
#   b11                          integral                32    'h3733d5b4                                
#   b12                          integral                32    'he80ffee3                                
#   b21                          integral                32    'hbd91eaa4                                
#   b22                          integral                32    'hf0500868                                
#   arr1                         sa(integral)            4     -                                         
#     [0]                        integral                32    'h86cbf58c                                
#     [1]                        integral                32    'h21f5ec6c                                
#     [2]                        integral                32    'h0                                       
#     [3]                        integral                32    'h0                                       
#   arr2                         sa(integral)            4     -                                         
#     [0]                        integral                32    'h0                                       
#     [1]                        integral                32    'hc50c7b5c                                
#     [2]                        integral                32    'h1956a79e                                
#     [3]                        integral                32    'h0                                       
#   arr3                         sa(integral)            4     -                                         
#     [0]                        integral                32    'hbd91eaa4                                
#     [1]                        integral                32    'h21f5ec6c                                
#     [2]                        integral                32    'h0                                       
#     [3]                        integral                32    'h0                                       
#   arr4                         sa(integral)            4     -                                         
#     [0]                        integral                32    'h0                                       
#     [1]                        integral                32    'hf0500868                                
#     [2]                        integral                32    'he80ffee3                                
#     [3]                        integral                32    'h0                                       
#   load_in                      integral                1     'h1                                       
#   row_in_row0                  integral                32    'h21f5ec6c                                
#   row_in_row1                  integral                32    'hc50c7b5c                                
#   col_in_col0                  integral                32    'h21f5ec6c                                
#   col_in_col1                  integral                32    'hf0500868                                
#   result_row00                 integral                64    'h0xxxxxxxxxxxxxxxx                       
#   result_row01                 integral                64    'h0xxxxxxxxxxxxxxxx                       
#   result_row10                 integral                64    'h0xxxxxxxxxxxxxxxx                       
#   result_row11                 integral                64    'h0xxxxxxxxxxxxxxxx                       
#   carry_00                     integral                1     'h0X                                      
#   carry_01                     integral                1     'h0X                                      
#   carry_10                     integral                1     'h0X                                      
#   carry_11                     integral                1     'h0X                                      
#   done                         integral                1     'h0                                       
#   begin_time                   time                    64    1000                                      
#   depth                        int                     32    'd2                                       
#   parent sequence (name)       string                  9     add_seq_h                                 
#   parent sequence (full name)  string                  42    uvm_test_top.env_h.agent_h.seq_h.add_seq_h
#   sequencer                    string                  32    uvm_test_top.env_h.agent_h.seq_h          
# -------------------------------------------------------------------------------------------------------
# UVM_INFO ../env/scoreboard.sv(86) @ 25000: uvm_test_top.env_h.sb_h [scoreboard] Data received from Driver
# UVM_INFO ../agent/driver.sv(91) @ 25000: uvm_test_top.env_h.agent_h.drv_h [driver] PRINTING VALUES FROM DRIVER
# -------------------------------------------------------------------------------------------------------
# Name                           Type                    Size  Value                                     
# -------------------------------------------------------------------------------------------------------
# itm_h                          seq_item                -     @895                                      
#   a11                          integral                32    'h21f5ec6c                                
#   a12                          integral                32    'h86cbf58c                                
#   a21                          integral                32    'h1956a79e                                
#   a22                          integral                32    'hc50c7b5c                                
#   b11                          integral                32    'h3733d5b4                                
#   b12                          integral                32    'he80ffee3                                
#   b21                          integral                32    'hbd91eaa4                                
#   b22                          integral                32    'hf0500868                                
#   arr1                         sa(integral)            4     -                                         
#     [0]                        integral                32    'h86cbf58c                                
#     [1]                        integral                32    'h21f5ec6c                                
#     [2]                        integral                32    'h0                                       
#     [3]                        integral                32    'h0                                       
#   arr2                         sa(integral)            4     -                                         
#     [0]                        integral                32    'h0                                       
#     [1]                        integral                32    'hc50c7b5c                                
#     [2]                        integral                32    'h1956a79e                                
#     [3]                        integral                32    'h0                                       
#   arr3                         sa(integral)            4     -                                         
#     [0]                        integral                32    'hbd91eaa4                                
#     [1]                        integral                32    'h21f5ec6c                                
#     [2]                        integral                32    'h0                                       
#     [3]                        integral                32    'h0                                       
#   arr4                         sa(integral)            4     -                                         
#     [0]                        integral                32    'h0                                       
#     [1]                        integral                32    'hf0500868                                
#     [2]                        integral                32    'he80ffee3                                
#     [3]                        integral                32    'h0                                       
#   load_in                      integral                1     'h1                                       
#   row_in_row0                  integral                32    'h0                                       
#   row_in_row1                  integral                32    'h1956a79e                                
#   col_in_col0                  integral                32    'h0                                       
#   col_in_col1                  integral                32    'he80ffee3                                
#   result_row00                 integral                64    'h0                                       
#   result_row01                 integral                64    'h0                                       
#   result_row10                 integral                64    'h0                                       
#   result_row11                 integral                64    'h0                                       
#   carry_00                     integral                1     'h0                                       
#   carry_01                     integral                1     'h0                                       
#   carry_10                     integral                1     'h0                                       
#   carry_11                     integral                1     'h0                                       
#   done                         integral                1     'h0                                       
#   begin_time                   time                    64    1000                                      
#   depth                        int                     32    'd2                                       
#   parent sequence (name)       string                  9     add_seq_h                                 
#   parent sequence (full name)  string                  42    uvm_test_top.env_h.agent_h.seq_h.add_seq_h
#   sequencer                    string                  32    uvm_test_top.env_h.agent_h.seq_h          
# -------------------------------------------------------------------------------------------------------
# UVM_INFO ../agent/monitor.sv(48) @ 25000: uvm_test_top.env_h.agent_h.mon_h [monitor] Reset is driving one!
# UVM_INFO ../agent/monitor.sv(48) @ 35000: uvm_test_top.env_h.agent_h.mon_h [monitor] Reset is driving one!
# UVM_INFO ../env/scoreboard.sv(86) @ 35000: uvm_test_top.env_h.sb_h [scoreboard] Data received from Driver
# UVM_INFO ../agent/driver.sv(91) @ 35000: uvm_test_top.env_h.agent_h.drv_h [driver] PRINTING VALUES FROM DRIVER
# -------------------------------------------------------------------------------------------------------
# Name                           Type                    Size  Value                                     
# -------------------------------------------------------------------------------------------------------
# itm_h                          seq_item                -     @895                                      
#   a11                          integral                32    'h21f5ec6c                                
#   a12                          integral                32    'h86cbf58c                                
#   a21                          integral                32    'h1956a79e                                
#   a22                          integral                32    'hc50c7b5c                                
#   b11                          integral                32    'h3733d5b4                                
#   b12                          integral                32    'he80ffee3                                
#   b21                          integral                32    'hbd91eaa4                                
#   b22                          integral                32    'hf0500868                                
#   arr1                         sa(integral)            4     -                                         
#     [0]                        integral                32    'h86cbf58c                                
#     [1]                        integral                32    'h21f5ec6c                                
#     [2]                        integral                32    'h0                                       
#     [3]                        integral                32    'h0                                       
#   arr2                         sa(integral)            4     -                                         
#     [0]                        integral                32    'h0                                       
#     [1]                        integral                32    'hc50c7b5c                                
#     [2]                        integral                32    'h1956a79e                                
#     [3]                        integral                32    'h0                                       
#   arr3                         sa(integral)            4     -                                         
#     [0]                        integral                32    'hbd91eaa4                                
#     [1]                        integral                32    'h21f5ec6c                                
#     [2]                        integral                32    'h0                                       
#     [3]                        integral                32    'h0                                       
#   arr4                         sa(integral)            4     -                                         
#     [0]                        integral                32    'h0                                       
#     [1]                        integral                32    'hf0500868                                
#     [2]                        integral                32    'he80ffee3                                
#     [3]                        integral                32    'h0                                       
#   load_in                      integral                1     'h1                                       
#   row_in_row0                  integral                32    'h0                                       
#   row_in_row1                  integral                32    'h0                                       
#   col_in_col0                  integral                32    'h0                                       
#   col_in_col1                  integral                32    'h0                                       
#   result_row00                 integral                64    'h0                                       
#   result_row01                 integral                64    'h0                                       
#   result_row10                 integral                64    'h0                                       
#   result_row11                 integral                64    'h0                                       
#   carry_00                     integral                1     'h0                                       
#   carry_01                     integral                1     'h0                                       
#   carry_10                     integral                1     'h0                                       
#   carry_11                     integral                1     'h0                                       
#   done                         integral                1     'h0                                       
#   begin_time                   time                    64    1000                                      
#   depth                        int                     32    'd2                                       
#   parent sequence (name)       string                  9     add_seq_h                                 
#   parent sequence (full name)  string                  42    uvm_test_top.env_h.agent_h.seq_h.add_seq_h
#   sequencer                    string                  32    uvm_test_top.env_h.agent_h.seq_h          
# -------------------------------------------------------------------------------------------------------
# UVM_INFO ../agent/driver.sv(44) @ 35000: uvm_test_top.env_h.agent_h.drv_h [driver] DATA passed to vif
# UVM_INFO ../agent/sequence.sv(29) @ 35000: uvm_test_top.env_h.agent_h.seq_h@@add_seq_h [seqence] DATA UPDATED IN SEQUENCE
# UVM_INFO ../agent/seq_item.sv(115) @ 35000: reporter@@seq_item [seq_item] SEQUENCE_ITEM_CALLED
# UVM_INFO ../agent/driver.sv(46) @ 36000: uvm_test_top.env_h.agent_h.drv_h [driver] Reset is LOW
# UVM_INFO ../agent/monitor.sv(48) @ 45000: uvm_test_top.env_h.agent_h.mon_h [monitor] Reset is driving one!
# UVM_INFO ../agent/driver.sv(46) @ 46000: uvm_test_top.env_h.agent_h.drv_h [driver] Reset is LOW
# UVM_INFO ../agent/monitor.sv(48) @ 55000: uvm_test_top.env_h.agent_h.mon_h [monitor] Reset is driving one!
# UVM_INFO ../agent/driver.sv(46) @ 56000: uvm_test_top.env_h.agent_h.drv_h [driver] Reset is LOW
# UVM_INFO ../agent/seq_item.sv(115) @ 65000: reporter@@seq_item [seq_item] SEQUENCE_ITEM_CALLED
# UVM_INFO ../agent/sequence.sv(24) @ 66000: uvm_test_top.env_h.agent_h.seq_h@@add_seq_h [] RANDOMIZEDDDDD
# UVM_INFO ../agent/driver.sv(39) @ 66000: uvm_test_top.env_h.agent_h.drv_h [driver] DATA PRINTING FROM DRIVER
# UVM_INFO ../env/scoreboard.sv(86) @ 75000: uvm_test_top.env_h.sb_h [scoreboard] Data received from Driver
# UVM_INFO ../agent/driver.sv(91) @ 75000: uvm_test_top.env_h.agent_h.drv_h [driver] PRINTING VALUES FROM DRIVER
# -------------------------------------------------------------------------------------------------------
# Name                           Type                    Size  Value                                     
# -------------------------------------------------------------------------------------------------------
# itm_h                          seq_item                -     @952                                      
#   a11                          integral                32    'he1f5ce8f                                
#   a12                          integral                32    'hc6cbe4d7                                
#   a21                          integral                32    'h59565c90                                
#   a22                          integral                32    'h50c4501                                 
#   b11                          integral                32    'h77322cef                                
#   b12                          integral                32    'h280e05f9                                
#   b21                          integral                32    'hfd91cf55                                
#   b22                          integral                32    'hb0501dd5                                
#   arr1                         sa(integral)            4     -                                         
#     [0]                        integral                32    'hc6cbe4d7                                
#     [1]                        integral                32    'he1f5ce8f                                
#     [2]                        integral                32    'h0                                       
#     [3]                        integral                32    'h0                                       
#   arr2                         sa(integral)            4     -                                         
#     [0]                        integral                32    'h0                                       
#     [1]                        integral                32    'h50c4501                                 
#     [2]                        integral                32    'h59565c90                                
#     [3]                        integral                32    'h0                                       
#   arr3                         sa(integral)            4     -                                         
#     [0]                        integral                32    'hfd91cf55                                
#     [1]                        integral                32    'he1f5ce8f                                
#     [2]                        integral                32    'h0                                       
#     [3]                        integral                32    'h0                                       
#   arr4                         sa(integral)            4     -                                         
#     [0]                        integral                32    'h0                                       
#     [1]                        integral                32    'hb0501dd5                                
#     [2]                        integral                32    'h280e05f9                                
#     [3]                        integral                32    'h0                                       
#   load_in                      integral                1     'h1                                       
#   row_in_row0                  integral                32    'hc6cbe4d7                                
#   row_in_row1                  integral                32    'h0                                       
#   col_in_col0                  integral                32    'hfd91cf55                                
#   col_in_col1                  integral                32    'h0                                       
#   result_row00                 integral                64    'h0                                       
#   result_row01                 integral                64    'h0                                       
#   result_row10                 integral                64    'h0                                       
#   result_row11                 integral                64    'h0                                       
#   carry_00                     integral                1     'h0                                       
#   carry_01                     integral                1     'h0                                       
#   carry_10                     integral                1     'h0                                       
#   carry_11                     integral                1     'h0                                       
#   done                         integral                1     'h0                                       
#   begin_time                   time                    64    66000                                     
#   depth                        int                     32    'd2                                       
#   parent sequence (name)       string                  9     add_seq_h                                 
#   parent sequence (full name)  string                  42    uvm_test_top.env_h.agent_h.seq_h.add_seq_h
#   sequencer                    string                  32    uvm_test_top.env_h.agent_h.seq_h          
# -------------------------------------------------------------------------------------------------------
# UVM_INFO ../agent/monitor.sv(81) @ 75000: uvm_test_top.env_h.agent_h.mon_h [monitor] done is not here
# UVM_INFO ../agent/seq_item.sv(115) @ 75000: reporter@@seq_item [seq_item] SEQUENCE_ITEM_CALLED
# UVM_INFO ../agent/monitor.sv(81) @ 85000: uvm_test_top.env_h.agent_h.mon_h [monitor] done is not here
# UVM_INFO ../agent/seq_item.sv(115) @ 85000: reporter@@seq_item [seq_item] SEQUENCE_ITEM_CALLED
# UVM_INFO ../env/scoreboard.sv(86) @ 85000: uvm_test_top.env_h.sb_h [scoreboard] Data received from Driver
# UVM_INFO ../agent/driver.sv(91) @ 85000: uvm_test_top.env_h.agent_h.drv_h [driver] PRINTING VALUES FROM DRIVER
# -------------------------------------------------------------------------------------------------------
# Name                           Type                    Size  Value                                     
# -------------------------------------------------------------------------------------------------------
# itm_h                          seq_item                -     @952                                      
#   a11                          integral                32    'he1f5ce8f                                
#   a12                          integral                32    'hc6cbe4d7                                
#   a21                          integral                32    'h59565c90                                
#   a22                          integral                32    'h50c4501                                 
#   b11                          integral                32    'h77322cef                                
#   b12                          integral                32    'h280e05f9                                
#   b21                          integral                32    'hfd91cf55                                
#   b22                          integral                32    'hb0501dd5                                
#   arr1                         sa(integral)            4     -                                         
#     [0]                        integral                32    'hc6cbe4d7                                
#     [1]                        integral                32    'he1f5ce8f                                
#     [2]                        integral                32    'h0                                       
#     [3]                        integral                32    'h0                                       
#   arr2                         sa(integral)            4     -                                         
#     [0]                        integral                32    'h0                                       
#     [1]                        integral                32    'h50c4501                                 
#     [2]                        integral                32    'h59565c90                                
#     [3]                        integral                32    'h0                                       
#   arr3                         sa(integral)            4     -                                         
#     [0]                        integral                32    'hfd91cf55                                
#     [1]                        integral                32    'he1f5ce8f                                
#     [2]                        integral                32    'h0                                       
#     [3]                        integral                32    'h0                                       
#   arr4                         sa(integral)            4     -                                         
#     [0]                        integral                32    'h0                                       
#     [1]                        integral                32    'hb0501dd5                                
#     [2]                        integral                32    'h280e05f9                                
#     [3]                        integral                32    'h0                                       
#   load_in                      integral                1     'h1                                       
#   row_in_row0                  integral                32    'he1f5ce8f                                
#   row_in_row1                  integral                32    'h50c4501                                 
#   col_in_col0                  integral                32    'he1f5ce8f                                
#   col_in_col1                  integral                32    'hb0501dd5                                
#   result_row00                 integral                64    'h0                                       
#   result_row01                 integral                64    'h0                                       
#   result_row10                 integral                64    'h0                                       
#   result_row11                 integral                64    'h0                                       
#   carry_00                     integral                1     'h0                                       
#   carry_01                     integral                1     'h0                                       
#   carry_10                     integral                1     'h0                                       
#   carry_11                     integral                1     'h0                                       
#   done                         integral                1     'h0                                       
#   begin_time                   time                    64    66000                                     
#   depth                        int                     32    'd2                                       
#   parent sequence (name)       string                  9     add_seq_h                                 
#   parent sequence (full name)  string                  42    uvm_test_top.env_h.agent_h.seq_h.add_seq_h
#   sequencer                    string                  32    uvm_test_top.env_h.agent_h.seq_h          
# -------------------------------------------------------------------------------------------------------
# UVM_INFO ../env/scoreboard.sv(86) @ 95000: uvm_test_top.env_h.sb_h [scoreboard] Data received from Driver
# UVM_INFO ../agent/driver.sv(91) @ 95000: uvm_test_top.env_h.agent_h.drv_h [driver] PRINTING VALUES FROM DRIVER
# -------------------------------------------------------------------------------------------------------
# Name                           Type                    Size  Value                                     
# -------------------------------------------------------------------------------------------------------
# itm_h                          seq_item                -     @952                                      
#   a11                          integral                32    'he1f5ce8f                                
#   a12                          integral                32    'hc6cbe4d7                                
#   a21                          integral                32    'h59565c90                                
#   a22                          integral                32    'h50c4501                                 
#   b11                          integral                32    'h77322cef                                
#   b12                          integral                32    'h280e05f9                                
#   b21                          integral                32    'hfd91cf55                                
#   b22                          integral                32    'hb0501dd5                                
#   arr1                         sa(integral)            4     -                                         
#     [0]                        integral                32    'hc6cbe4d7                                
#     [1]                        integral                32    'he1f5ce8f                                
#     [2]                        integral                32    'h0                                       
#     [3]                        integral                32    'h0                                       
#   arr2                         sa(integral)            4     -                                         
#     [0]                        integral                32    'h0                                       
#     [1]                        integral                32    'h50c4501                                 
#     [2]                        integral                32    'h59565c90                                
#     [3]                        integral                32    'h0                                       
#   arr3                         sa(integral)            4     -                                         
#     [0]                        integral                32    'hfd91cf55                                
#     [1]                        integral                32    'he1f5ce8f                                
#     [2]                        integral                32    'h0                                       
#     [3]                        integral                32    'h0                                       
#   arr4                         sa(integral)            4     -                                         
#     [0]                        integral                32    'h0                                       
#     [1]                        integral                32    'hb0501dd5                                
#     [2]                        integral                32    'h280e05f9                                
#     [3]                        integral                32    'h0                                       
#   load_in                      integral                1     'h1                                       
#   row_in_row0                  integral                32    'h0                                       
#   row_in_row1                  integral                32    'h59565c90                                
#   col_in_col0                  integral                32    'h0                                       
#   col_in_col1                  integral                32    'h280e05f9                                
#   result_row00                 integral                64    'h0                                       
#   result_row01                 integral                64    'h0                                       
#   result_row10                 integral                64    'h0                                       
#   result_row11                 integral                64    'h0                                       
#   carry_00                     integral                1     'h0                                       
#   carry_01                     integral                1     'h0                                       
#   carry_10                     integral                1     'h0                                       
#   carry_11                     integral                1     'h0                                       
#   done                         integral                1     'h0                                       
#   begin_time                   time                    64    66000                                     
#   depth                        int                     32    'd2                                       
#   parent sequence (name)       string                  9     add_seq_h                                 
#   parent sequence (full name)  string                  42    uvm_test_top.env_h.agent_h.seq_h.add_seq_h
#   sequencer                    string                  32    uvm_test_top.env_h.agent_h.seq_h          
# -------------------------------------------------------------------------------------------------------
# UVM_INFO ../agent/monitor.sv(81) @ 95000: uvm_test_top.env_h.agent_h.mon_h [monitor] done is not here
# UVM_INFO ../agent/seq_item.sv(115) @ 95000: reporter@@seq_item [seq_item] SEQUENCE_ITEM_CALLED
# UVM_INFO ../agent/monitor.sv(81) @ 105000: uvm_test_top.env_h.agent_h.mon_h [monitor] done is not here
# UVM_INFO ../agent/seq_item.sv(115) @ 105000: reporter@@seq_item [seq_item] SEQUENCE_ITEM_CALLED
# UVM_INFO ../env/scoreboard.sv(86) @ 105000: uvm_test_top.env_h.sb_h [scoreboard] Data received from Driver
# UVM_INFO ../agent/driver.sv(91) @ 105000: uvm_test_top.env_h.agent_h.drv_h [driver] PRINTING VALUES FROM DRIVER
# -------------------------------------------------------------------------------------------------------
# Name                           Type                    Size  Value                                     
# -------------------------------------------------------------------------------------------------------
# itm_h                          seq_item                -     @952                                      
#   a11                          integral                32    'he1f5ce8f                                
#   a12                          integral                32    'hc6cbe4d7                                
#   a21                          integral                32    'h59565c90                                
#   a22                          integral                32    'h50c4501                                 
#   b11                          integral                32    'h77322cef                                
#   b12                          integral                32    'h280e05f9                                
#   b21                          integral                32    'hfd91cf55                                
#   b22                          integral                32    'hb0501dd5                                
#   arr1                         sa(integral)            4     -                                         
#     [0]                        integral                32    'hc6cbe4d7                                
#     [1]                        integral                32    'he1f5ce8f                                
#     [2]                        integral                32    'h0                                       
#     [3]                        integral                32    'h0                                       
#   arr2                         sa(integral)            4     -                                         
#     [0]                        integral                32    'h0                                       
#     [1]                        integral                32    'h50c4501                                 
#     [2]                        integral                32    'h59565c90                                
#     [3]                        integral                32    'h0                                       
#   arr3                         sa(integral)            4     -                                         
#     [0]                        integral                32    'hfd91cf55                                
#     [1]                        integral                32    'he1f5ce8f                                
#     [2]                        integral                32    'h0                                       
#     [3]                        integral                32    'h0                                       
#   arr4                         sa(integral)            4     -                                         
#     [0]                        integral                32    'h0                                       
#     [1]                        integral                32    'hb0501dd5                                
#     [2]                        integral                32    'h280e05f9                                
#     [3]                        integral                32    'h0                                       
#   load_in                      integral                1     'h1                                       
#   row_in_row0                  integral                32    'h0                                       
#   row_in_row1                  integral                32    'h0                                       
#   col_in_col0                  integral                32    'h0                                       
#   col_in_col1                  integral                32    'h0                                       
#   result_row00                 integral                64    'h0                                       
#   result_row01                 integral                64    'h0                                       
#   result_row10                 integral                64    'h0                                       
#   result_row11                 integral                64    'h0                                       
#   carry_00                     integral                1     'h0                                       
#   carry_01                     integral                1     'h0                                       
#   carry_10                     integral                1     'h0                                       
#   carry_11                     integral                1     'h0                                       
#   done                         integral                1     'h0                                       
#   begin_time                   time                    64    66000                                     
#   depth                        int                     32    'd2                                       
#   parent sequence (name)       string                  9     add_seq_h                                 
#   parent sequence (full name)  string                  42    uvm_test_top.env_h.agent_h.seq_h.add_seq_h
#   sequencer                    string                  32    uvm_test_top.env_h.agent_h.seq_h          
# -------------------------------------------------------------------------------------------------------
# UVM_INFO ../agent/driver.sv(44) @ 105000: uvm_test_top.env_h.agent_h.drv_h [driver] DATA passed to vif
# UVM_INFO ../agent/sequence.sv(29) @ 105000: uvm_test_top.env_h.agent_h.seq_h@@add_seq_h [seqence] DATA UPDATED IN SEQUENCE
# UVM_INFO ../test/master_sequence.sv(17) @ 105000: uvm_test_top.env_h.v_seqr_h@@m_seq_h [] SEQUENCE 1
# UVM_INFO verilog_src/uvm-1.1c/src/base/uvm_objection.svh(1121) @ 105000: reporter [TEST_DONE] 'run' phase is ready to proceed to the 'extract' phase
# UVM_INFO ../agent/monitor.sv(88) @ 105000: uvm_test_top.env_h.agent_h.mon_h [monitor] total number of Transactions from monitor : 0
# UVM_INFO ../env/scoreboard.sv(92) @ 105000: uvm_test_top.env_h.sb_h [scoreboard] total number of Transactions from scoreboard : 0
# 
# --- UVM Report Summary ---
# 
# ** Report counts by severity
# UVM_INFO :   64
# UVM_WARNING :    0
# UVM_ERROR :    0
# UVM_FATAL :    0
# ** Report counts by id
# []     5
# [Questa UVM]     2
# [RNTST]     1
# [TEST_DONE]     1
# [UVMTOP]     1
# [agent]     1
# [driver]    17
# [env]     1
# [monitor]    14
# [scoreboard]    10
# [seq_item]     9
# [seqence]     2
# ** Note: $finish    : C:/questasim_10.1d/win32/../verilog_src/uvm-1.1c/src/base/uvm_root.svh(427)
#    Time: 105 ns  Iteration: 65  Instance: /top_module
