QuestaSim qverilog 10.1d Compiler 2012.11 Nov  1 2012
C:\questasim_10.1d\win32\qverilog.exe ../top/top_module.sv +incdir+../agent +incdir+../env +incdir+../test +incdir+../rtl -y ../rtl 
** Note: (qverilog-2286) Using implicit +incdir+C:/questasim_10.1d/uvm-1.1c/../verilog_src/uvm-1.1c/src from import uvm_pkg
-- Compiling interface intf
-- Compiling package top_module_sv_unit
-- Importing package mtiUvm.uvm_pkg (uvm-1.1c Built-in)
-- Importing package test_pkg
-- Importing package env_pkg
-- Importing package agent_pkg
-- Compiling package agent_pkg
-- Compiling package env_pkg
-- Compiling package test_pkg
-- Compiling module adder
-- Compiling module buffer
-- Compiling module vedic2x2
-- Compiling module vedic4x4
-- Compiling module vedic8x8
-- Compiling module vedic16x16
-- Compiling module vedic32x32
-- Compiling module pe
-- Compiling module systolic_2x2
-- Compiling interface intf
-- Compiling module top_module

Top level modules:
	top_module
+ C:\questasim_10.1d\win32/vsim -lib work top_module -c -do "run -all; quit -f" -appendlog -l qverilog.log -vopt
# vsim -appendlog -do {run -all; quit -f} -l qverilog.log -lib work -c -vopt top_module 
# ** Note: (vsim-3813) Design is being optimized due to module recompilation...
# 
# //  Questa Sim
# //  Version 10.1d win32 Nov  1 2012
# //
# //  Copyright 1991-2012 Mentor Graphics Corporation
# //  All Rights Reserved.
# //
# //  THIS WORK CONTAINS TRADE SECRET AND PROPRIETARY INFORMATION
# //  WHICH IS THE PROPERTY OF MENTOR GRAPHICS CORPORATION OR ITS
# //  LICENSORS AND IS SUBJECT TO LICENSE TERMS.
# //
# Loading sv_std.std
# Loading mtiUvm.uvm_pkg(fast)
# Loading work.agent_pkg(fast)
# Loading work.env_pkg(fast)
# Loading work.test_pkg(fast)
# Loading work.top_module_sv_unit(fast)
# Loading work.top_module(fast)
# Loading work.pe(fast)
# Loading work.vedic8x8(fast)
# Loading mtiUvm.questa_uvm_pkg(fast)
# Loading C:/questasim_10.1d/uvm-1.1c\win32\uvm_dpi.dll
# run -all 
# ----------------------------------------------------------------
# UVM-1.1c
# (C) 2007-2012 Mentor Graphics Corporation
# (C) 2007-2012 Cadence Design Systems, Inc.
# (C) 2006-2012 Synopsys, Inc.
# (C) 2011-2012 Cypress Semiconductor Corp.
# ----------------------------------------------------------------
# 
#   ***********       IMPORTANT RELEASE NOTES         ************
# 
#   You are using a version of the UVM library that has been compiled
#   with `UVM_NO_DEPRECATED undefined.
#   See http://www.eda.org/svdb/view.php?id=3313 for more details.
# 
#   You are using a version of the UVM library that has been compiled
#   with `UVM_OBJECT_MUST_HAVE_CONSTRUCTOR undefined.
#   See http://www.eda.org/svdb/view.php?id=3770 for more details.
# 
#       (Specify +UVM_NO_RELNOTES to turn off this notice)
# 
# UVM_INFO verilog_src/questa_uvm_pkg-1.2/src/questa_uvm_pkg.sv(215) @ 0: reporter [Questa UVM] QUESTA_UVM-1.2
# UVM_INFO verilog_src/questa_uvm_pkg-1.2/src/questa_uvm_pkg.sv(217) @ 0: reporter [Questa UVM]  questa_uvm::init(+struct)
# UVM_INFO @ 0: reporter [RNTST] Running test integrated_test...
# UVM_INFO ../env/env.sv(25) @ 0: uvm_test_top.env_h [env] Build phase of ENVIRONMENT
# UVM_INFO ../agent/agent.sv(28) @ 0: uvm_test_top.env_h.agent_h [agent] Build phase of AGENT
# UVM_INFO ../agent/agent.sv(34) @ 0: uvm_test_top.env_h.agent_h [] GET IS SUCESSFULL IN AGENT OF CONFIG
# UVM_INFO ../agent/driver.sv(23) @ 0: uvm_test_top.env_h.agent_h.drv_h [driver] Build phase of DRIVER
# UVM_INFO ../agent/driver.sv(25) @ 0: uvm_test_top.env_h.agent_h.drv_h [driver] RECEIVED in DRIVER
# UVM_INFO ../agent/monitor.sv(32) @ 0: uvm_test_top.env_h.agent_h.mon_h [monitor] Build phase of MONITOR
# UVM_INFO ../agent/monitor.sv(34) @ 0: uvm_test_top.env_h.agent_h.mon_h [monitor] RECEIVED in MONITOR
# UVM_INFO ../env/scoreboard.sv(33) @ 0: uvm_test_top.env_h.sb_h [scoreboard] Build phase of scoreboard
# UVM_INFO ../agent/agent.sv(46) @ 0: uvm_test_top.env_h.agent_h [] CONNECTION drv to seq SUCCESSFULL
# UVM_INFO @ 0: reporter [UVMTOP] UVM testbench topology:
# --------------------------------------------------------------
# Name                       Type                    Size  Value
# --------------------------------------------------------------
# uvm_test_top               integrated_test         -     @516 
#   env_h                    env                     -     @524 
#     agent_h                agent                   -     @532 
#       drv_h                driver                  -     @821 
#         rsp_port           uvm_analysis_port       -     @838 
#         seq_item_port      uvm_seq_item_pull_port  -     @829 
#       mon_h                monitor                 -     @847 
#         mon_put_port       uvm_analysis_port       -     @855 
#       seq_h                sequencer               -     @698 
#         rsp_export         uvm_analysis_export     -     @706 
#         seq_item_export    uvm_seq_item_pull_imp   -     @812 
#         arbitration_queue  array                   0     -    
#         lock_queue         array                   0     -    
#         num_last_reqs      integral                32    'd1  
#         num_last_rsps      integral                32    'd1  
#     sb_h                   scoreboard              -     @540 
#       score_imp_driver     uvm_analysis_imp_B      -     @557 
#       score_imp_mon        uvm_analysis_imp_A      -     @548 
#     v_seqr_h               virtual_sequencer       -     @570 
#       rsp_export           uvm_analysis_export     -     @578 
#       seq_item_export      uvm_seq_item_pull_imp   -     @684 
#       arbitration_queue    array                   0     -    
#       lock_queue           array                   0     -    
#       num_last_reqs        integral                32    'd1  
#       num_last_rsps        integral                32    'd1  
# --------------------------------------------------------------
# 
# UVM_INFO ../agent/seq_item.sv(101) @ 0: reporter@@seq_item [seq_item] SEQUENCE_ITEM_CALLED
# UVM_INFO ../agent/seq_item.sv(101) @ 0: reporter@@seq_item [seq_item] SEQUENCE_ITEM_CALLED
# UVM_INFO ../agent/sequence.sv(23) @ 1000: uvm_test_top.env_h.agent_h.seq_h@@add_seq_h [] RANDOMIZEDDDDD
# UVM_INFO ../agent/driver.sv(38) @ 1000: uvm_test_top.env_h.agent_h.drv_h [driver] DATA PRINTING FROM DRIVER
# arr1 = x x x x , arr2 = x x x x , arr3 = x x x x , arr4 = x x x x
# row_in_row0 = 2261513612
# row_in_row0 = 569764972
# row_in_row0 = 0
# row_in_row0 = 0
# UVM_INFO ../env/scoreboard.sv(86) @ 5000: uvm_test_top.env_h.sb_h [scoreboard] Data received from Driver
# UVM_INFO ../agent/driver.sv(75) @ 5000: uvm_test_top.env_h.agent_h.drv_h [driver] PRINTING VALUES FROM DRIVER
# -------------------------------------------------------------------------------------------------------
# Name                           Type                    Size  Value                                     
# -------------------------------------------------------------------------------------------------------
# itm_h                          seq_item                -     @895                                      
#   load_in                      integral                1     'h1                                       
#   row_in_row0                  integral                32    'h0                                       
#   row_in_row1                  integral                32    'h0                                       
#   col_in_col0                  integral                32    'h0                                       
#   col_in_col1                  integral                32    'h0                                       
#   result_row00                 integral                64    'h0xxxxxxxxxxxxxxxx                       
#   result_row01                 integral                64    'h0xxxxxxxxxxxxxxxx                       
#   result_row10                 integral                64    'h0xxxxxxxxxxxxxxxx                       
#   result_row11                 integral                64    'h0xxxxxxxxxxxxxxxx                       
#   carry_00                     integral                1     'h0X                                      
#   carry_01                     integral                1     'h0X                                      
#   carry_10                     integral                1     'h0X                                      
#   carry_11                     integral                1     'h0X                                      
#   done                         integral                1     'h0X                                      
#   begin_time                   time                    64    1000                                      
#   depth                        int                     32    'd2                                       
#   parent sequence (name)       string                  9     add_seq_h                                 
#   parent sequence (full name)  string                  42    uvm_test_top.env_h.agent_h.seq_h.add_seq_h
#   sequencer                    string                  32    uvm_test_top.env_h.agent_h.seq_h          
# -------------------------------------------------------------------------------------------------------
# UVM_INFO ../agent/driver.sv(44) @ 5000: uvm_test_top.env_h.agent_h.drv_h [driver] DATA passed to vif
# UVM_INFO ../agent/monitor.sv(81) @ 5000: uvm_test_top.env_h.agent_h.mon_h [monitor] done is not here
# UVM_INFO ../agent/seq_item.sv(101) @ 5000: reporter@@seq_item [seq_item] SEQUENCE_ITEM_CALLED
# UVM_INFO ../agent/sequence.sv(28) @ 5000: uvm_test_top.env_h.agent_h.seq_h@@add_seq_h [seqence] DATA UPDATED IN SEQUENCE
# UVM_INFO ../agent/seq_item.sv(101) @ 5000: reporter@@seq_item [seq_item] SEQUENCE_ITEM_CALLED
# UVM_INFO ../agent/sequence.sv(23) @ 6000: uvm_test_top.env_h.agent_h.seq_h@@add_seq_h [] RANDOMIZEDDDDD
# UVM_INFO ../agent/driver.sv(38) @ 6000: uvm_test_top.env_h.agent_h.drv_h [driver] DATA PRINTING FROM DRIVER
# arr1 = x x x x , arr2 = x x x x , arr3 = x x x x , arr4 = x x x x
# row_in_row0 = 3335251159
# row_in_row0 = 3790982799
# row_in_row0 = 0
# row_in_row0 = 0
# UVM_INFO ../env/scoreboard.sv(86) @ 15000: uvm_test_top.env_h.sb_h [scoreboard] Data received from Driver
# UVM_INFO ../agent/driver.sv(75) @ 15000: uvm_test_top.env_h.agent_h.drv_h [driver] PRINTING VALUES FROM DRIVER
# -------------------------------------------------------------------------------------------------------
# Name                           Type                    Size  Value                                     
# -------------------------------------------------------------------------------------------------------
# itm_h                          seq_item                -     @952                                      
#   load_in                      integral                1     'h1                                       
#   row_in_row0                  integral                32    'h0                                       
#   row_in_row1                  integral                32    'h0                                       
#   col_in_col0                  integral                32    'h0                                       
#   col_in_col1                  integral                32    'h0                                       
#   result_row00                 integral                64    'h0xxxxxxxxxxxxxxxx                       
#   result_row01                 integral                64    'h0xxxxxxxxxxxxxxxx                       
#   result_row10                 integral                64    'h0xxxxxxxxxxxxxxxx                       
#   result_row11                 integral                64    'h0xxxxxxxxxxxxxxxx                       
#   carry_00                     integral                1     'h0X                                      
#   carry_01                     integral                1     'h0X                                      
#   carry_10                     integral                1     'h0X                                      
#   carry_11                     integral                1     'h0X                                      
#   done                         integral                1     'h0                                       
#   begin_time                   time                    64    6000                                      
#   depth                        int                     32    'd2                                       
#   parent sequence (name)       string                  9     add_seq_h                                 
#   parent sequence (full name)  string                  42    uvm_test_top.env_h.agent_h.seq_h.add_seq_h
#   sequencer                    string                  32    uvm_test_top.env_h.agent_h.seq_h          
# -------------------------------------------------------------------------------------------------------
# UVM_INFO ../agent/driver.sv(44) @ 15000: uvm_test_top.env_h.agent_h.drv_h [driver] DATA passed to vif
# UVM_INFO ../agent/monitor.sv(81) @ 15000: uvm_test_top.env_h.agent_h.mon_h [monitor] done is not here
# UVM_INFO ../agent/monitor.sv(48) @ 15000: uvm_test_top.env_h.agent_h.mon_h [monitor] Reset is driving one!
# UVM_INFO ../agent/sequence.sv(28) @ 15000: uvm_test_top.env_h.agent_h.seq_h@@add_seq_h [seqence] DATA UPDATED IN SEQUENCE
# UVM_INFO ../agent/seq_item.sv(101) @ 15000: reporter@@seq_item [seq_item] SEQUENCE_ITEM_CALLED
# UVM_INFO ../agent/driver.sv(46) @ 16000: uvm_test_top.env_h.agent_h.drv_h [driver] Reset is LOW
# UVM_INFO ../agent/monitor.sv(48) @ 25000: uvm_test_top.env_h.agent_h.mon_h [monitor] Reset is driving one!
# UVM_INFO ../agent/driver.sv(46) @ 26000: uvm_test_top.env_h.agent_h.drv_h [driver] Reset is LOW
# UVM_INFO ../agent/monitor.sv(48) @ 35000: uvm_test_top.env_h.agent_h.mon_h [monitor] Reset is driving one!
# UVM_INFO ../agent/driver.sv(46) @ 36000: uvm_test_top.env_h.agent_h.drv_h [driver] Reset is LOW
# UVM_INFO ../agent/monitor.sv(48) @ 45000: uvm_test_top.env_h.agent_h.mon_h [monitor] Reset is driving one!
# UVM_INFO ../agent/driver.sv(46) @ 46000: uvm_test_top.env_h.agent_h.drv_h [driver] Reset is LOW
# UVM_INFO ../agent/monitor.sv(48) @ 55000: uvm_test_top.env_h.agent_h.mon_h [monitor] Reset is driving one!
# UVM_INFO ../agent/driver.sv(46) @ 56000: uvm_test_top.env_h.agent_h.drv_h [driver] Reset is LOW
# UVM_INFO ../agent/seq_item.sv(101) @ 65000: reporter@@seq_item [seq_item] SEQUENCE_ITEM_CALLED
# UVM_INFO ../agent/sequence.sv(23) @ 66000: uvm_test_top.env_h.agent_h.seq_h@@add_seq_h [] RANDOMIZEDDDDD
# UVM_INFO ../agent/driver.sv(38) @ 66000: uvm_test_top.env_h.agent_h.drv_h [driver] DATA PRINTING FROM DRIVER
# arr1 = x x x x , arr2 = x x x x , arr3 = x x x x , arr4 = x x x x
# row_in_row0 = 1198221360
# row_in_row0 = 1742396123
# row_in_row0 = 0
# row_in_row0 = 0
# UVM_INFO ../env/scoreboard.sv(86) @ 75000: uvm_test_top.env_h.sb_h [scoreboard] Data received from Driver
# UVM_INFO ../agent/driver.sv(75) @ 75000: uvm_test_top.env_h.agent_h.drv_h [driver] PRINTING VALUES FROM DRIVER
# -------------------------------------------------------------------------------------------------------
# Name                           Type                    Size  Value                                     
# -------------------------------------------------------------------------------------------------------
# itm_h                          seq_item                -     @956                                      
#   load_in                      integral                1     'h0                                       
#   row_in_row0                  integral                32    'h0                                       
#   row_in_row1                  integral                32    'h0                                       
#   col_in_col0                  integral                32    'h0                                       
#   col_in_col1                  integral                32    'h0                                       
#   result_row00                 integral                64    'h0                                       
#   result_row01                 integral                64    'h0                                       
#   result_row10                 integral                64    'h0                                       
#   result_row11                 integral                64    'h0                                       
#   carry_00                     integral                1     'h0                                       
#   carry_01                     integral                1     'h0                                       
#   carry_10                     integral                1     'h0                                       
#   carry_11                     integral                1     'h0                                       
#   done                         integral                1     'h0                                       
#   begin_time                   time                    64    66000                                     
#   depth                        int                     32    'd2                                       
#   parent sequence (name)       string                  9     add_seq_h                                 
#   parent sequence (full name)  string                  42    uvm_test_top.env_h.agent_h.seq_h.add_seq_h
#   sequencer                    string                  32    uvm_test_top.env_h.agent_h.seq_h          
# -------------------------------------------------------------------------------------------------------
# UVM_INFO ../agent/driver.sv(44) @ 75000: uvm_test_top.env_h.agent_h.drv_h [driver] DATA passed to vif
# UVM_INFO ../agent/monitor.sv(81) @ 75000: uvm_test_top.env_h.agent_h.mon_h [monitor] done is not here
# UVM_INFO ../agent/seq_item.sv(101) @ 75000: reporter@@seq_item [seq_item] SEQUENCE_ITEM_CALLED
# UVM_INFO ../agent/sequence.sv(28) @ 75000: uvm_test_top.env_h.agent_h.seq_h@@add_seq_h [seqence] DATA UPDATED IN SEQUENCE
# UVM_INFO ../agent/seq_item.sv(101) @ 75000: reporter@@seq_item [seq_item] SEQUENCE_ITEM_CALLED
# UVM_INFO ../agent/sequence.sv(23) @ 76000: uvm_test_top.env_h.agent_h.seq_h@@add_seq_h [] RANDOMIZEDDDDD
# UVM_INFO ../agent/driver.sv(38) @ 76000: uvm_test_top.env_h.agent_h.drv_h [driver] DATA PRINTING FROM DRIVER
# arr1 = x x x x , arr2 = x x x x , arr3 = x x x x , arr4 = x x x x
# row_in_row0 = 205531781
# row_in_row0 = 2885552388
# row_in_row0 = 0
# row_in_row0 = 0
# UVM_INFO ../env/scoreboard.sv(86) @ 85000: uvm_test_top.env_h.sb_h [scoreboard] Data received from Driver
# UVM_INFO ../agent/driver.sv(75) @ 85000: uvm_test_top.env_h.agent_h.drv_h [driver] PRINTING VALUES FROM DRIVER
# -------------------------------------------------------------------------------------------------------
# Name                           Type                    Size  Value                                     
# -------------------------------------------------------------------------------------------------------
# itm_h                          seq_item                -     @968                                      
#   load_in                      integral                1     'h0                                       
#   row_in_row0                  integral                32    'h0                                       
#   row_in_row1                  integral                32    'h0                                       
#   col_in_col0                  integral                32    'h0                                       
#   col_in_col1                  integral                32    'h0                                       
#   result_row00                 integral                64    'h0                                       
#   result_row01                 integral                64    'h0                                       
#   result_row10                 integral                64    'h0                                       
#   result_row11                 integral                64    'h0                                       
#   carry_00                     integral                1     'h0                                       
#   carry_01                     integral                1     'h0                                       
#   carry_10                     integral                1     'h0                                       
#   carry_11                     integral                1     'h0                                       
#   done                         integral                1     'h0                                       
#   begin_time                   time                    64    76000                                     
#   depth                        int                     32    'd2                                       
#   parent sequence (name)       string                  9     add_seq_h                                 
#   parent sequence (full name)  string                  42    uvm_test_top.env_h.agent_h.seq_h.add_seq_h
#   sequencer                    string                  32    uvm_test_top.env_h.agent_h.seq_h          
# -------------------------------------------------------------------------------------------------------
# UVM_INFO ../agent/driver.sv(44) @ 85000: uvm_test_top.env_h.agent_h.drv_h [driver] DATA passed to vif
# UVM_INFO ../agent/monitor.sv(81) @ 85000: uvm_test_top.env_h.agent_h.mon_h [monitor] done is not here
# UVM_INFO ../agent/seq_item.sv(101) @ 85000: reporter@@seq_item [seq_item] SEQUENCE_ITEM_CALLED
# UVM_INFO ../agent/sequence.sv(28) @ 85000: uvm_test_top.env_h.agent_h.seq_h@@add_seq_h [seqence] DATA UPDATED IN SEQUENCE
# UVM_INFO ../agent/seq_item.sv(101) @ 85000: reporter@@seq_item [seq_item] SEQUENCE_ITEM_CALLED
# UVM_INFO ../agent/sequence.sv(23) @ 86000: uvm_test_top.env_h.agent_h.seq_h@@add_seq_h [] RANDOMIZEDDDDD
# UVM_INFO ../agent/driver.sv(38) @ 86000: uvm_test_top.env_h.agent_h.drv_h [driver] DATA PRINTING FROM DRIVER
# arr1 = x x x x , arr2 = x x x x , arr3 = x x x x , arr4 = x x x x
# row_in_row0 = 215761253
# row_in_row0 = 2882396616
# row_in_row0 = 0
# row_in_row0 = 0
# UVM_INFO ../env/scoreboard.sv(86) @ 95000: uvm_test_top.env_h.sb_h [scoreboard] Data received from Driver
# UVM_INFO ../agent/driver.sv(75) @ 95000: uvm_test_top.env_h.agent_h.drv_h [driver] PRINTING VALUES FROM DRIVER
# -------------------------------------------------------------------------------------------------------
# Name                           Type                    Size  Value                                     
# -------------------------------------------------------------------------------------------------------
# itm_h                          seq_item                -     @976                                      
#   load_in                      integral                1     'h0                                       
#   row_in_row0                  integral                32    'h0                                       
#   row_in_row1                  integral                32    'h0                                       
#   col_in_col0                  integral                32    'h0                                       
#   col_in_col1                  integral                32    'h0                                       
#   result_row00                 integral                64    'h0                                       
#   result_row01                 integral                64    'h0                                       
#   result_row10                 integral                64    'h0                                       
#   result_row11                 integral                64    'h0                                       
#   carry_00                     integral                1     'h0                                       
#   carry_01                     integral                1     'h0                                       
#   carry_10                     integral                1     'h0                                       
#   carry_11                     integral                1     'h0                                       
#   done                         integral                1     'h0                                       
#   begin_time                   time                    64    86000                                     
#   depth                        int                     32    'd2                                       
#   parent sequence (name)       string                  9     add_seq_h                                 
#   parent sequence (full name)  string                  42    uvm_test_top.env_h.agent_h.seq_h.add_seq_h
#   sequencer                    string                  32    uvm_test_top.env_h.agent_h.seq_h          
# -------------------------------------------------------------------------------------------------------
# UVM_INFO ../agent/driver.sv(44) @ 95000: uvm_test_top.env_h.agent_h.drv_h [driver] DATA passed to vif
# UVM_INFO ../agent/monitor.sv(81) @ 95000: uvm_test_top.env_h.agent_h.mon_h [monitor] done is not here
# UVM_INFO ../agent/seq_item.sv(101) @ 95000: reporter@@seq_item [seq_item] SEQUENCE_ITEM_CALLED
# UVM_INFO ../agent/sequence.sv(28) @ 95000: uvm_test_top.env_h.agent_h.seq_h@@add_seq_h [seqence] DATA UPDATED IN SEQUENCE
# UVM_INFO ../agent/seq_item.sv(101) @ 95000: reporter@@seq_item [seq_item] SEQUENCE_ITEM_CALLED
# UVM_INFO ../agent/sequence.sv(23) @ 96000: uvm_test_top.env_h.agent_h.seq_h@@add_seq_h [] RANDOMIZEDDDDD
# UVM_INFO ../agent/driver.sv(38) @ 96000: uvm_test_top.env_h.agent_h.drv_h [driver] DATA PRINTING FROM DRIVER
# arr1 = x x x x , arr2 = x x x x , arr3 = x x x x , arr4 = x x x x
# row_in_row0 = 1150690144
# row_in_row0 = 1772888997
# row_in_row0 = 0
# row_in_row0 = 0
# UVM_INFO ../env/scoreboard.sv(86) @ 105000: uvm_test_top.env_h.sb_h [scoreboard] Data received from Driver
# UVM_INFO ../agent/driver.sv(75) @ 105000: uvm_test_top.env_h.agent_h.drv_h [driver] PRINTING VALUES FROM DRIVER
# -------------------------------------------------------------------------------------------------------
# Name                           Type                    Size  Value                                     
# -------------------------------------------------------------------------------------------------------
# itm_h                          seq_item                -     @984                                      
#   load_in                      integral                1     'h0                                       
#   row_in_row0                  integral                32    'h0                                       
#   row_in_row1                  integral                32    'h0                                       
#   col_in_col0                  integral                32    'h0                                       
#   col_in_col1                  integral                32    'h0                                       
#   result_row00                 integral                64    'h0                                       
#   result_row01                 integral                64    'h0                                       
#   result_row10                 integral                64    'h0                                       
#   result_row11                 integral                64    'h0                                       
#   carry_00                     integral                1     'h0                                       
#   carry_01                     integral                1     'h0                                       
#   carry_10                     integral                1     'h0                                       
#   carry_11                     integral                1     'h0                                       
#   done                         integral                1     'h0                                       
#   begin_time                   time                    64    96000                                     
#   depth                        int                     32    'd2                                       
#   parent sequence (name)       string                  9     add_seq_h                                 
#   parent sequence (full name)  string                  42    uvm_test_top.env_h.agent_h.seq_h.add_seq_h
#   sequencer                    string                  32    uvm_test_top.env_h.agent_h.seq_h          
# -------------------------------------------------------------------------------------------------------
# UVM_INFO ../agent/driver.sv(44) @ 105000: uvm_test_top.env_h.agent_h.drv_h [driver] DATA passed to vif
# UVM_INFO ../agent/monitor.sv(81) @ 105000: uvm_test_top.env_h.agent_h.mon_h [monitor] done is not here
# UVM_INFO ../agent/seq_item.sv(101) @ 105000: reporter@@seq_item [seq_item] SEQUENCE_ITEM_CALLED
# UVM_INFO ../agent/sequence.sv(28) @ 105000: uvm_test_top.env_h.agent_h.seq_h@@add_seq_h [seqence] DATA UPDATED IN SEQUENCE
# UVM_INFO ../agent/seq_item.sv(101) @ 105000: reporter@@seq_item [seq_item] SEQUENCE_ITEM_CALLED
# UVM_INFO ../agent/sequence.sv(23) @ 106000: uvm_test_top.env_h.agent_h.seq_h@@add_seq_h [] RANDOMIZEDDDDD
# UVM_INFO ../agent/driver.sv(38) @ 106000: uvm_test_top.env_h.agent_h.drv_h [driver] DATA PRINTING FROM DRIVER
# arr1 = x x x x , arr2 = x x x x , arr3 = x x x x , arr4 = x x x x
# row_in_row0 = 3287228331
# row_in_row0 = 3898554214
# row_in_row0 = 0
# row_in_row0 = 0
# UVM_INFO ../env/scoreboard.sv(86) @ 115000: uvm_test_top.env_h.sb_h [scoreboard] Data received from Driver
# UVM_INFO ../agent/driver.sv(75) @ 115000: uvm_test_top.env_h.agent_h.drv_h [driver] PRINTING VALUES FROM DRIVER
# -------------------------------------------------------------------------------------------------------
# Name                           Type                    Size  Value                                     
# -------------------------------------------------------------------------------------------------------
# itm_h                          seq_item                -     @992                                      
#   load_in                      integral                1     'h1                                       
#   row_in_row0                  integral                32    'h0                                       
#   row_in_row1                  integral                32    'h0                                       
#   col_in_col0                  integral                32    'h0                                       
#   col_in_col1                  integral                32    'h0                                       
#   result_row00                 integral                64    'h0                                       
#   result_row01                 integral                64    'h0                                       
#   result_row10                 integral                64    'h0                                       
#   result_row11                 integral                64    'h0                                       
#   carry_00                     integral                1     'h0                                       
#   carry_01                     integral                1     'h0                                       
#   carry_10                     integral                1     'h0                                       
#   carry_11                     integral                1     'h0                                       
#   done                         integral                1     'h0                                       
#   begin_time                   time                    64    106000                                    
#   depth                        int                     32    'd2                                       
#   parent sequence (name)       string                  9     add_seq_h                                 
#   parent sequence (full name)  string                  42    uvm_test_top.env_h.agent_h.seq_h.add_seq_h
#   sequencer                    string                  32    uvm_test_top.env_h.agent_h.seq_h          
# -------------------------------------------------------------------------------------------------------
# UVM_INFO ../agent/driver.sv(44) @ 115000: uvm_test_top.env_h.agent_h.drv_h [driver] DATA passed to vif
# UVM_INFO ../agent/monitor.sv(81) @ 115000: uvm_test_top.env_h.agent_h.mon_h [monitor] done is not here
# UVM_INFO ../agent/seq_item.sv(101) @ 115000: reporter@@seq_item [seq_item] SEQUENCE_ITEM_CALLED
# UVM_INFO ../agent/sequence.sv(28) @ 115000: uvm_test_top.env_h.agent_h.seq_h@@add_seq_h [seqence] DATA UPDATED IN SEQUENCE
# UVM_INFO ../agent/seq_item.sv(101) @ 115000: reporter@@seq_item [seq_item] SEQUENCE_ITEM_CALLED
# UVM_INFO ../agent/sequence.sv(23) @ 116000: uvm_test_top.env_h.agent_h.seq_h@@add_seq_h [] RANDOMIZEDDDDD
# UVM_INFO ../agent/driver.sv(38) @ 116000: uvm_test_top.env_h.agent_h.drv_h [driver] DATA PRINTING FROM DRIVER
# arr1 = x x x x , arr2 = x x x x , arr3 = x x x x , arr4 = x x x x
# row_in_row0 = 2354081432
# row_in_row0 = 681411909
# row_in_row0 = 0
# row_in_row0 = 0
# UVM_INFO ../env/scoreboard.sv(86) @ 125000: uvm_test_top.env_h.sb_h [scoreboard] Data received from Driver
# UVM_INFO ../agent/driver.sv(75) @ 125000: uvm_test_top.env_h.agent_h.drv_h [driver] PRINTING VALUES FROM DRIVER
# -------------------------------------------------------------------------------------------------------
# Name                           Type                    Size  Value                                     
# -------------------------------------------------------------------------------------------------------
# itm_h                          seq_item                -     @1000                                     
#   load_in                      integral                1     'h1                                       
#   row_in_row0                  integral                32    'h0                                       
#   row_in_row1                  integral                32    'h0                                       
#   col_in_col0                  integral                32    'h0                                       
#   col_in_col1                  integral                32    'h0                                       
#   result_row00                 integral                64    'h0                                       
#   result_row01                 integral                64    'h0                                       
#   result_row10                 integral                64    'h0                                       
#   result_row11                 integral                64    'h0                                       
#   carry_00                     integral                1     'h0                                       
#   carry_01                     integral                1     'h0                                       
#   carry_10                     integral                1     'h0                                       
#   carry_11                     integral                1     'h0                                       
#   done                         integral                1     'h0                                       
#   begin_time                   time                    64    116000                                    
#   depth                        int                     32    'd2                                       
#   parent sequence (name)       string                  9     add_seq_h                                 
#   parent sequence (full name)  string                  42    uvm_test_top.env_h.agent_h.seq_h.add_seq_h
#   sequencer                    string                  32    uvm_test_top.env_h.agent_h.seq_h          
# -------------------------------------------------------------------------------------------------------
# UVM_INFO ../agent/driver.sv(44) @ 125000: uvm_test_top.env_h.agent_h.drv_h [driver] DATA passed to vif
# UVM_INFO ../agent/monitor.sv(81) @ 125000: uvm_test_top.env_h.agent_h.mon_h [monitor] done is not here
# UVM_INFO ../agent/seq_item.sv(101) @ 125000: reporter@@seq_item [seq_item] SEQUENCE_ITEM_CALLED
# UVM_INFO ../agent/sequence.sv(28) @ 125000: uvm_test_top.env_h.agent_h.seq_h@@add_seq_h [seqence] DATA UPDATED IN SEQUENCE
# UVM_INFO ../agent/seq_item.sv(101) @ 125000: reporter@@seq_item [seq_item] SEQUENCE_ITEM_CALLED
# UVM_INFO ../agent/sequence.sv(23) @ 126000: uvm_test_top.env_h.agent_h.seq_h@@add_seq_h [] RANDOMIZEDDDDD
# UVM_INFO ../agent/driver.sv(38) @ 126000: uvm_test_top.env_h.agent_h.drv_h [driver] DATA PRINTING FROM DRIVER
# arr1 = x x x x , arr2 = x x x x , arr3 = x x x x , arr4 = x x x x
# row_in_row0 = 2482961862
# row_in_row0 = 650860126
# row_in_row0 = 0
# row_in_row0 = 0
# UVM_INFO ../env/scoreboard.sv(86) @ 135000: uvm_test_top.env_h.sb_h [scoreboard] Data received from Driver
# UVM_INFO ../agent/driver.sv(75) @ 135000: uvm_test_top.env_h.agent_h.drv_h [driver] PRINTING VALUES FROM DRIVER
# -------------------------------------------------------------------------------------------------------
# Name                           Type                    Size  Value                                     
# -------------------------------------------------------------------------------------------------------
# itm_h                          seq_item                -     @1008                                     
#   load_in                      integral                1     'h1                                       
#   row_in_row0                  integral                32    'h0                                       
#   row_in_row1                  integral                32    'h0                                       
#   col_in_col0                  integral                32    'h0                                       
#   col_in_col1                  integral                32    'h0                                       
#   result_row00                 integral                64    'h0                                       
#   result_row01                 integral                64    'h0                                       
#   result_row10                 integral                64    'h0                                       
#   result_row11                 integral                64    'h0                                       
#   carry_00                     integral                1     'h0                                       
#   carry_01                     integral                1     'h0                                       
#   carry_10                     integral                1     'h0                                       
#   carry_11                     integral                1     'h0                                       
#   done                         integral                1     'h0                                       
#   begin_time                   time                    64    126000                                    
#   depth                        int                     32    'd2                                       
#   parent sequence (name)       string                  9     add_seq_h                                 
#   parent sequence (full name)  string                  42    uvm_test_top.env_h.agent_h.seq_h.add_seq_h
#   sequencer                    string                  32    uvm_test_top.env_h.agent_h.seq_h          
# -------------------------------------------------------------------------------------------------------
# UVM_INFO ../agent/driver.sv(44) @ 135000: uvm_test_top.env_h.agent_h.drv_h [driver] DATA passed to vif
# UVM_INFO ../agent/monitor.sv(81) @ 135000: uvm_test_top.env_h.agent_h.mon_h [monitor] done is not here
# UVM_INFO ../agent/seq_item.sv(101) @ 135000: reporter@@seq_item [seq_item] SEQUENCE_ITEM_CALLED
# UVM_INFO ../agent/sequence.sv(28) @ 135000: uvm_test_top.env_h.agent_h.seq_h@@add_seq_h [seqence] DATA UPDATED IN SEQUENCE
# UVM_INFO ../agent/seq_item.sv(101) @ 135000: reporter@@seq_item [seq_item] SEQUENCE_ITEM_CALLED
# UVM_INFO ../agent/sequence.sv(23) @ 136000: uvm_test_top.env_h.agent_h.seq_h@@add_seq_h [] RANDOMIZEDDDDD
# UVM_INFO ../agent/driver.sv(38) @ 136000: uvm_test_top.env_h.agent_h.drv_h [driver] DATA PRINTING FROM DRIVER
# arr1 = x x x x , arr2 = x x x x , arr3 = x x x x , arr4 = x x x x
# row_in_row0 = 3553480589
# row_in_row0 = 3881329813
# row_in_row0 = 0
# row_in_row0 = 0
# UVM_INFO ../env/scoreboard.sv(86) @ 145000: uvm_test_top.env_h.sb_h [scoreboard] Data received from Driver
# UVM_INFO ../agent/driver.sv(75) @ 145000: uvm_test_top.env_h.agent_h.drv_h [driver] PRINTING VALUES FROM DRIVER
# -------------------------------------------------------------------------------------------------------
# Name                           Type                    Size  Value                                     
# -------------------------------------------------------------------------------------------------------
# itm_h                          seq_item                -     @1016                                     
#   load_in                      integral                1     'h1                                       
#   row_in_row0                  integral                32    'h0                                       
#   row_in_row1                  integral                32    'h0                                       
#   col_in_col0                  integral                32    'h0                                       
#   col_in_col1                  integral                32    'h0                                       
#   result_row00                 integral                64    'h0                                       
#   result_row01                 integral                64    'h0                                       
#   result_row10                 integral                64    'h0                                       
#   result_row11                 integral                64    'h0                                       
#   carry_00                     integral                1     'h0                                       
#   carry_01                     integral                1     'h0                                       
#   carry_10                     integral                1     'h0                                       
#   carry_11                     integral                1     'h0                                       
#   done                         integral                1     'h0                                       
#   begin_time                   time                    64    136000                                    
#   depth                        int                     32    'd2                                       
#   parent sequence (name)       string                  9     add_seq_h                                 
#   parent sequence (full name)  string                  42    uvm_test_top.env_h.agent_h.seq_h.add_seq_h
#   sequencer                    string                  32    uvm_test_top.env_h.agent_h.seq_h          
# -------------------------------------------------------------------------------------------------------
# UVM_INFO ../agent/driver.sv(44) @ 145000: uvm_test_top.env_h.agent_h.drv_h [driver] DATA passed to vif
# UVM_INFO ../agent/monitor.sv(81) @ 145000: uvm_test_top.env_h.agent_h.mon_h [monitor] done is not here
# UVM_INFO ../agent/seq_item.sv(101) @ 145000: reporter@@seq_item [seq_item] SEQUENCE_ITEM_CALLED
# UVM_INFO ../agent/sequence.sv(28) @ 145000: uvm_test_top.env_h.agent_h.seq_h@@add_seq_h [seqence] DATA UPDATED IN SEQUENCE
# UVM_INFO ../test/master_sequence.sv(17) @ 145000: uvm_test_top.env_h.v_seqr_h@@m_seq_h [] SEQUENCE 1
# UVM_INFO verilog_src/uvm-1.1c/src/base/uvm_objection.svh(1121) @ 145000: reporter [TEST_DONE] 'run' phase is ready to proceed to the 'extract' phase
# UVM_INFO ../agent/monitor.sv(88) @ 145000: uvm_test_top.env_h.agent_h.mon_h [monitor] total number of Transactions from monitor : 0
# UVM_INFO ../env/scoreboard.sv(92) @ 145000: uvm_test_top.env_h.sb_h [scoreboard] total number of Transactions from scoreboard : 0
# 
# --- UVM Report Summary ---
# 
# ** Report counts by severity
# UVM_INFO :  118
# UVM_WARNING :    0
# UVM_ERROR :    0
# UVM_FATAL :    0
# ** Report counts by id
# []    13
# [Questa UVM]     2
# [RNTST]     1
# [TEST_DONE]     1
# [UVMTOP]     1
# [agent]     1
# [driver]    37
# [env]     1
# [monitor]    18
# [scoreboard]    12
# [seq_item]    21
# [seqence]    10
# ** Note: $finish    : C:/questasim_10.1d/win32/../verilog_src/uvm-1.1c/src/base/uvm_root.svh(427)
#    Time: 145 ns  Iteration: 65  Instance: /top_module
